# JRE version: OpenJDK Runtime Environment (11.0.12+7) (build 11.0.12+7-b1504.28-7817840)
# Java VM: OpenJDK 64-Bit Server VM (11.0.12+7-b1504.28-7817840, mixed mode, tiered, compressed oops, g1 gc, windows-amd64)
Heap:
 garbage-first heap   total 513024K, used 433885K [0x00000000a0000000, 0x0000000100000000)
  region size 1024K, 280 young (286720K), 4 survivors (4096K)
 Metaspace       used 125101K, capacity 128785K, committed 128968K, reserved 1161216K
  class space    used 15037K, capacity 16328K, committed 16460K, reserved 1048576K
GC Heap History (20 events):
Event: 852.628 GC heap before
{Heap before GC invocations=95 (full 0):
 garbage-first heap   total 513024K, used 413694K [0x00000000a0000000, 0x0000000100000000)
  region size 1024K, 297 young (304128K), 21 survivors (21504K)
 Metaspace       used 97401K, capacity 100027K, committed 100168K, reserved 1136640K
  class space    used 12028K, capacity 12974K, committed 13004K, reserved 1048576K
}
Event: 852.641 GC heap after
{Heap after GC invocations=96 (full 0):
 garbage-first heap   total 513024K, used 134365K [0x00000000a0000000, 0x0000000100000000)
  region size 1024K, 32 young (32768K), 32 survivors (32768K)
 Metaspace       used 97401K, capacity 100027K, committed 100168K, reserved 1136640K
  class space    used 12028K, capacity 12974K, committed 13004K, reserved 1048576K
}
Event: 852.972 GC heap before
{Heap before GC invocations=96 (full 0):
 garbage-first heap   total 513024K, used 408797K [0x00000000a0000000, 0x0000000100000000)
  region size 1024K, 300 young (307200K), 32 survivors (32768K)
 Metaspace       used 97463K, capacity 100091K, committed 100168K, reserved 1136640K
  class space    used 12028K, capacity 12974K, committed 13004K, reserved 1048576K
}
Event: 852.997 GC heap after
{Heap after GC invocations=97 (full 0):
 garbage-first heap   total 513024K, used 136735K [0x00000000a0000000, 0x0000000100000000)
  region size 1024K, 21 young (21504K), 21 survivors (21504K)
 Metaspace       used 97463K, capacity 100091K, committed 100168K, reserved 1136640K
  class space    used 12028K, capacity 12974K, committed 13004K, reserved 1048576K
}
Event: 855.145 GC heap before
{Heap before GC invocations=97 (full 0):
 garbage-first heap   total 513024K, used 425503K [0x00000000a0000000, 0x0000000100000000)
  region size 1024K, 298 young (305152K), 21 survivors (21504K)
 Metaspace       used 98284K, capacity 100927K, committed 101064K, reserved 1136640K
  class space    used 12111K, capacity 13033K, committed 13132K, reserved 1048576K
}
Event: 855.153 GC heap after
{Heap after GC invocations=98 (full 0):
 garbage-first heap   total 513024K, used 133151K [0x00000000a0000000, 0x0000000100000000)
  region size 1024K, 17 young (17408K), 17 survivors (17408K)
 Metaspace       used 98284K, capacity 100927K, committed 101064K, reserved 1136640K
  class space    used 12111K, capacity 13033K, committed 13132K, reserved 1048576K
}
Event: 856.388 GC heap before
{Heap before GC invocations=98 (full 0):
 garbage-first heap   total 513024K, used 422943K [0x00000000a0000000, 0x0000000100000000)
  region size 1024K, 300 young (307200K), 17 survivors (17408K)
 Metaspace       used 100171K, capacity 102882K, committed 102984K, reserved 1138688K
  class space    used 12287K, capacity 13215K, committed 13260K, reserved 1048576K
}
Event: 856.396 GC heap after
{Heap after GC invocations=99 (full 0):
 garbage-first heap   total 513024K, used 129986K [0x00000000a0000000, 0x0000000100000000)
  region size 1024K, 16 young (16384K), 16 survivors (16384K)
 Metaspace       used 100171K, capacity 102882K, committed 102984K, reserved 1138688K
  class space    used 12287K, capacity 13215K, committed 13260K, reserved 1048576K
}
Event: 4040.782 GC heap before
{Heap before GC invocations=99 (full 0):
 garbage-first heap   total 513024K, used 419778K [0x00000000a0000000, 0x0000000100000000)
  region size 1024K, 300 young (307200K), 16 survivors (16384K)
 Metaspace       used 110792K, capacity 113854K, committed 113992K, reserved 1148928K
  class space    used 13404K, capacity 14450K, committed 14540K, reserved 1048576K
}
Event: 4041.121 GC heap after
{Heap after GC invocations=100 (full 0):
 garbage-first heap   total 513024K, used 142608K [0x00000000a0000000, 0x0000000100000000)
  region size 1024K, 28 young (28672K), 28 survivors (28672K)
 Metaspace       used 110792K, capacity 113854K, committed 113992K, reserved 1148928K
  class space    used 13404K, capacity 14450K, committed 14540K, reserved 1048576K
}
Event: 4043.715 GC heap before
{Heap before GC invocations=100 (full 0):
 garbage-first heap   total 513024K, used 427280K [0x00000000a0000000, 0x0000000100000000)
  region size 1024K, 300 young (307200K), 28 survivors (28672K)
 Metaspace       used 111118K, capacity 114236K, committed 114504K, reserved 1148928K
  class space    used 13441K, capacity 14507K, committed 14540K, reserved 1048576K
}
Event: 4043.817 GC heap after
{Heap after GC invocations=101 (full 0):
 garbage-first heap   total 513024K, used 154797K [0x00000000a0000000, 0x0000000100000000)
  region size 1024K, 29 young (29696K), 29 survivors (29696K)
 Metaspace       used 111118K, capacity 114236K, committed 114504K, reserved 1148928K
  class space    used 13441K, capacity 14507K, committed 14540K, reserved 1048576K
}
Event: 4044.495 GC heap before
{Heap before GC invocations=101 (full 0):
 garbage-first heap   total 513024K, used 425133K [0x00000000a0000000, 0x0000000100000000)
  region size 1024K, 293 young (300032K), 29 survivors (29696K)
 Metaspace       used 111147K, capacity 114236K, committed 114504K, reserved 1148928K
  class space    used 13442K, capacity 14507K, committed 14540K, reserved 1048576K
}
Event: 4044.566 GC heap after
{Heap after GC invocations=102 (full 0):
 garbage-first heap   total 513024K, used 154799K [0x00000000a0000000, 0x0000000100000000)
  region size 1024K, 15 young (15360K), 15 survivors (15360K)
 Metaspace       used 111147K, capacity 114236K, committed 114504K, reserved 1148928K
  class space    used 13442K, capacity 14507K, committed 14540K, reserved 1048576K
}
Event: 4045.101 GC heap before
{Heap before GC invocations=102 (full 0):
 garbage-first heap   total 513024K, used 431279K [0x00000000a0000000, 0x0000000100000000)
  region size 1024K, 285 young (291840K), 15 survivors (15360K)
 Metaspace       used 111156K, capacity 114236K, committed 114504K, reserved 1148928K
  class space    used 13442K, capacity 14507K, committed 14540K, reserved 1048576K
}
Event: 4045.135 GC heap after
{Heap after GC invocations=103 (full 0):
 garbage-first heap   total 513024K, used 152135K [0x00000000a0000000, 0x0000000100000000)
  region size 1024K, 13 young (13312K), 13 survivors (13312K)
 Metaspace       used 111156K, capacity 114236K, committed 114504K, reserved 1148928K
  class space    used 13442K, capacity 14507K, committed 14540K, reserved 1048576K
}
Event: 4046.986 GC heap before
{Heap before GC invocations=103 (full 0):
 garbage-first heap   total 513024K, used 432711K [0x00000000a0000000, 0x0000000100000000)
  region size 1024K, 287 young (293888K), 13 survivors (13312K)
 Metaspace       used 111195K, capacity 114310K, committed 114504K, reserved 1148928K
  class space    used 13442K, capacity 14507K, committed 14540K, reserved 1048576K
}
Event: 4047.033 GC heap after
{Heap after GC invocations=104 (full 0):
 garbage-first heap   total 513024K, used 148226K [0x00000000a0000000, 0x0000000100000000)
  region size 1024K, 9 young (9216K), 9 survivors (9216K)
 Metaspace       used 111195K, capacity 114310K, committed 114504K, reserved 1148928K
  class space    used 13442K, capacity 14507K, committed 14540K, reserved 1048576K
}
Event: 4061.210 GC heap before
{Heap before GC invocations=104 (full 0):
 garbage-first heap   total 513024K, used 446210K [0x00000000a0000000, 0x0000000100000000)
  region size 1024K, 287 young (293888K), 9 survivors (9216K)
 Metaspace       used 120394K, capacity 123715K, committed 123848K, reserved 1157120K
  class space    used 14443K, capacity 15585K, committed 15692K, reserved 1048576K
}
Event: 4061.362 GC heap after
{Heap after GC invocations=105 (full 0):
 garbage-first heap   total 513024K, used 151261K [0x00000000a0000000, 0x0000000100000000)
  region size 1024K, 10 young (10240K), 10 survivors (10240K)
 Metaspace       used 120394K, capacity 123715K, committed 123848K, reserved 1157120K
  class space    used 14443K, capacity 15585K, committed 15692K, reserved 1048576K
}

